<?xml version="1.0" encoding="UTF-8"?>
<testsuite xmlns:xsi="http://www.w3.org/2001/XMLSchema-instance" xsi:noNamespaceSchemaLocation="https://maven.apache.org/surefire/maven-surefire-plugin/xsd/surefire-test-report-3.0.xsd" version="3.0" name="org.example.discoveryserver.DiscoveryServerApplicationTests" time="2.126" tests="1" errors="0" skipped="0" failures="0">
  <properties>
[...]
</properties>
  <testcase name="contextLoads" classname="org.example.discoveryserver.DiscoveryServerApplicationTests" time="0.407">
    <system-out><![CDATA[Standard Commons Logging discovery in action with spring-jcl: please remove commons-logging.jar from classpath in order to avoid potential conflicts
15:03:47.844 [main] INFO org.springframework.test.context.support.AnnotationConfigContextLoaderUtils -- Could not detect default configuration classes for test class [org.example.discoveryserver.DiscoveryServerApplicationTests]: DiscoveryServerApplicationTests does not declare any static, non-private, non-final, nested classes annotated with @Configuration.
15:03:47.893 [main] INFO org.springframework.boot.test.context.SpringBootTestContextBootstrapper -- Found @SpringBootConfiguration org.example.discoveryserver.DiscoveryServerApplication for test class org.example.discoveryserver.DiscoveryServerApplicationTests

  .   ____          _            __ _ _
 /\\ / ___'_ __ _ _(_)_ __  __ _ \ \ \ \
( ( )\___ | '_ | '_| | '_ \/ _` | \ \ \ \
 \\/  ___)| |_)| | | | | || (_| |  ) ) ) )
  '  |____| .__|_| |_|_| |_\__, | / / / /
 =========|_|==============|___/=/_/_/_/

 :: Spring Boot ::                (v3.3.2)

2024-08-05T15:03:48.103-05:00  INFO 56836 --- [discovery-server] [           main] o.e.d.DiscoveryServerApplicationTests    : Starting DiscoveryServerApplicationTests using Java 17.0.2 with PID 56836 (started by srinivasgowthammajeti in /Users/gowthammajeti/Documents/project_backend/discovery-server)
2024-08-05T15:03:48.103-05:00  INFO 56836 --- [discovery-server] [           main] o.e.d.DiscoveryServerApplicationTests    : No active profile set, falling back to 1 default profile: "default"
2024-08-05T15:03:48.600-05:00  INFO 56836 --- [discovery-server] [           main] o.s.cloud.context.scope.GenericScope     : BeanFactory id=30f97109-d55b-3304-a3f1-52b89efd328b
2024-08-05T15:03:48.637-05:00  WARN 56836 --- [discovery-server] [           main] trationDelegate$BeanPostProcessorChecker : Bean 'org.springframework.cloud.client.loadbalancer.LoadBalancerAutoConfiguration$DeferringLoadBalancerInterceptorConfig' of type [org.springframework.cloud.client.loadbalancer.LoadBalancerAutoConfiguration$DeferringLoadBalancerInterceptorConfig] is not eligible for getting processed by all BeanPostProcessors (for example: not eligible for auto-proxying). The currently created BeanPostProcessor [lbRestClientPostProcessor] is declared through a non-static factory method on that class; consider declaring it as static instead.
2024-08-05T15:03:48.638-05:00  WARN 56836 --- [discovery-server] [           main] trationDelegate$BeanPostProcessorChecker : Bean 'deferringLoadBalancerInterceptor' of type [org.springframework.cloud.client.loadbalancer.DeferringLoadBalancerInterceptor] is not eligible for getting processed by all BeanPostProcessors (for example: not eligible for auto-proxying). Is this bean getting eagerly injected into a currently created BeanPostProcessor [lbRestClientPostProcessor]? Check the corresponding BeanPostProcessor declaration and its dependencies.
2024-08-05T15:03:49.121-05:00  WARN 56836 --- [discovery-server] [           main] iguration$LoadBalancerCaffeineWarnLogger : Spring Cloud LoadBalancer is currently working with the default cache. While this cache implementation is useful for development and tests, it's recommended to use Caffeine cache in production.You can switch to using Caffeine cache, by adding it and org.springframework.cache.caffeine.CaffeineCacheManager to the classpath.
2024-08-05T15:03:49.195-05:00  INFO 56836 --- [discovery-server] [           main] o.s.c.n.eureka.InstanceInfoFactory       : Setting initial instance status as: STARTING
2024-08-05T15:03:49.204-05:00  INFO 56836 --- [discovery-server] [           main] com.netflix.discovery.DiscoveryClient    : Initializing Eureka in region us-east-1
2024-08-05T15:03:49.205-05:00  INFO 56836 --- [discovery-server] [           main] com.netflix.discovery.DiscoveryClient    : Client configured to neither register nor query for data.
2024-08-05T15:03:49.206-05:00  INFO 56836 --- [discovery-server] [           main] com.netflix.discovery.DiscoveryClient    : Discovery Client initialized at timestamp 1722888229205 with initial instances count: 0
2024-08-05T15:03:49.223-05:00  INFO 56836 --- [discovery-server] [           main] c.n.eureka.DefaultEurekaServerContext    : Initializing ...
2024-08-05T15:03:49.224-05:00  INFO 56836 --- [discovery-server] [           main] c.n.eureka.cluster.PeerEurekaNodes       : Adding new peer nodes [http://localhost:8761/eureka/]
2024-08-05T15:03:49.316-05:00  INFO 56836 --- [discovery-server] [           main] c.n.d.provider.DiscoveryJerseyProvider   : Using JSON encoding codec LegacyJacksonJson
2024-08-05T15:03:49.316-05:00  INFO 56836 --- [discovery-server] [           main] c.n.d.provider.DiscoveryJerseyProvider   : Using JSON decoding codec LegacyJacksonJson
2024-08-05T15:03:49.316-05:00  INFO 56836 --- [discovery-server] [           main] c.n.d.provider.DiscoveryJerseyProvider   : Using XML encoding codec XStreamXml
2024-08-05T15:03:49.316-05:00  INFO 56836 --- [discovery-server] [           main] c.n.d.provider.DiscoveryJerseyProvider   : Using XML decoding codec XStreamXml
2024-08-05T15:03:49.348-05:00  INFO 56836 --- [discovery-server] [           main] c.n.eureka.cluster.PeerEurekaNodes       : Replica node URL:  http://localhost:8761/eureka/
2024-08-05T15:03:49.353-05:00  INFO 56836 --- [discovery-server] [           main] c.n.e.registry.AbstractInstanceRegistry  : Finished initializing remote region registries. All known remote regions: []
2024-08-05T15:03:49.353-05:00  INFO 56836 --- [discovery-server] [           main] c.n.eureka.DefaultEurekaServerContext    : Initialized
2024-08-05T15:03:49.411-05:00  INFO 56836 --- [discovery-server] [           main] o.s.b.a.e.web.EndpointLinksResolver      : Exposing 1 endpoint beneath base path '/actuator'
2024-08-05T15:03:49.443-05:00  INFO 56836 --- [discovery-server] [           main] o.s.c.n.e.s.EurekaServiceRegistry        : Registering application DISCOVERY-SERVER with eureka with status UP
2024-08-05T15:03:49.448-05:00  INFO 56836 --- [discovery-server] [      Thread-10] o.s.c.n.e.server.EurekaServerBootstrap   : isAws returned false
2024-08-05T15:03:49.449-05:00  INFO 56836 --- [discovery-server] [      Thread-10] o.s.c.n.e.server.EurekaServerBootstrap   : Initialized server context
2024-08-05T15:03:49.449-05:00  INFO 56836 --- [discovery-server] [      Thread-10] c.n.e.r.PeerAwareInstanceRegistryImpl    : Got 1 instances from neighboring DS node
2024-08-05T15:03:49.449-05:00  INFO 56836 --- [discovery-server] [      Thread-10] c.n.e.r.PeerAwareInstanceRegistryImpl    : Renew threshold is: 1
2024-08-05T15:03:49.449-05:00  INFO 56836 --- [discovery-server] [      Thread-10] c.n.e.r.PeerAwareInstanceRegistryImpl    : Changing status to UP
2024-08-05T15:03:49.450-05:00  INFO 56836 --- [discovery-server] [      Thread-10] e.s.EurekaServerInitializerConfiguration : Started Eureka Server
2024-08-05T15:03:49.454-05:00  INFO 56836 --- [discovery-server] [           main] o.e.d.DiscoveryServerApplicationTests    : Started DiscoveryServerApplicationTests in 1.498 seconds (process running for 1.933)
]]></system-out>
  </testcase>
</testsuite>